<?xml version="1.0" encoding="UTF-8"?>
<!-- Generated by org.testng.reporters.JUnitXMLReporter -->
<testsuite ignored="0" hostname="LAPTOP-PU8VKKP8" failures="1" tests="11" name="Personal Loan" time="0.051" errors="0" timestamp="2022-08-14T15:10:58 IST">
  <testcase classname="TestNg.day1" name="AnnulPersonalLoan" time="0.003"/>
  <testcase classname="TestNg.day1" name="MonthlyPersonalLoan" time="0.002">
    <failure type="java.lang.AssertionError" message="expected [true] but found [false]">
      <![CDATA[java.lang.AssertionError: expected [true] but found [false]
at TestNg.day1.MonthlyPersonalLoan(day1.java:25)
at java.base/java.util.ArrayList.forEach(ArrayList.java:1511)
... Removed 31 stack frames]]>
    </failure>
  </testcase> <!-- MonthlyPersonalLoan -->
  <testcase classname="TestNg.day2" name="CarLoanSignIn" time="0.0"/>
  <testcase classname="TestNg.day2" name="CarLoanSignIn" time="0.001"/>
  <testcase classname="TestNg.day2" name="CarLoanSignIn" time="0.001"/>
  <testcase classname="TestNg.day2" name="PersonalLoan" time="0.001"/>
  <testcase classname="TestNg.day2" name="UloanAb" time="0.0"/>
  <testcase classname="TestNg.day2" name="ploan" time="0.0"/>
  <testcase classname="TestNg.day4" name="LoginAPIHome" time="0.001"/>
  <testcase classname="TestNg.day4" name="MobileLoginPersonalloan" time="0.0"/>
  <testcase classname="TestNg.day4" name="WebLoginUserloan" time="0.001"/>
</testsuite> <!-- Personal Loan -->
